<?xml version="1.0" encoding="UTF-8"?>
<robot generator="Robot 6.1.1 (Python 3.10.12 on linux)" generated="20241115 13:45:42.958" rpa="false" schemaversion="4">
<suite id="s1" name="Register" source="/home/nwaada/palautusrepositorio/viikko3/web-login/src/tests/register.robot">
<kw name="Open And Configure Browser" library="resource" type="SETUP">
<if>
<branch type="IF" condition="$BROWSER == 'chrome'">
<kw name="Evaluate" library="BuiltIn">
<var>${options}</var>
<arg>sys.modules['selenium.webdriver'].ChromeOptions()</arg>
<arg>sys</arg>
<doc>Evaluates the given expression in Python and returns the result.</doc>
<msg timestamp="20241115 13:45:43.090" level="INFO">${options} = &lt;selenium.webdriver.chrome.options.Options object at 0x789051f13520&gt;</msg>
<status status="PASS" starttime="20241115 13:45:43.090" endtime="20241115 13:45:43.090"/>
</kw>
<status status="PASS" starttime="20241115 13:45:43.081" endtime="20241115 13:45:43.090"/>
</branch>
<branch type="ELSE IF" condition="$BROWSER == 'firefox'">
<kw name="Evaluate" library="BuiltIn">
<var>${options}</var>
<arg>sys.modules['selenium.webdriver'].FirefoxOptions()</arg>
<arg>sys</arg>
<doc>Evaluates the given expression in Python and returns the result.</doc>
<status status="NOT RUN" starttime="20241115 13:45:43.090" endtime="20241115 13:45:43.090"/>
</kw>
<status status="NOT RUN" starttime="20241115 13:45:43.090" endtime="20241115 13:45:43.090"/>
</branch>
<status status="PASS" starttime="20241115 13:45:43.081" endtime="20241115 13:45:43.091"/>
</if>
<if>
<branch type="IF" condition="$HEADLESS == 'true'">
<kw name="Set Selenium Speed" library="SeleniumLibrary">
<arg>0</arg>
<doc>Sets the delay that is waited after each Selenium command.</doc>
<status status="NOT RUN" starttime="20241115 13:45:43.091" endtime="20241115 13:45:43.091"/>
</kw>
<kw name="Call Method" library="BuiltIn">
<arg>${options}</arg>
<arg>add_argument</arg>
<arg>--headless</arg>
<doc>Calls the named method of the given object with the provided arguments.</doc>
<status status="NOT RUN" starttime="20241115 13:45:43.091" endtime="20241115 13:45:43.091"/>
</kw>
<status status="NOT RUN" starttime="20241115 13:45:43.091" endtime="20241115 13:45:43.091"/>
</branch>
<branch type="ELSE">
<kw name="Set Selenium Speed" library="SeleniumLibrary">
<arg>${DELAY}</arg>
<doc>Sets the delay that is waited after each Selenium command.</doc>
<status status="PASS" starttime="20241115 13:45:43.091" endtime="20241115 13:45:43.091"/>
</kw>
<status status="PASS" starttime="20241115 13:45:43.091" endtime="20241115 13:45:43.091"/>
</branch>
<status status="PASS" starttime="20241115 13:45:43.091" endtime="20241115 13:45:43.091"/>
</if>
<kw name="Open Browser" library="SeleniumLibrary">
<arg>browser=${BROWSER}</arg>
<arg>options=${options}</arg>
<doc>Opens a new browser instance to the optional ``url``.</doc>
<msg timestamp="20241115 13:45:43.091" level="INFO">Opening browser 'chrome' to base url 'None'.</msg>
<msg timestamp="20241115 13:45:43.123" level="WARN">The chromedriver version (130.0.6723.91) detected in PATH at /usr/bin/chromedriver might not be compatible with the detected chrome version (131.0.6778.69); currently, chromedriver 131.0.6778.69 is recommended for chrome 131.*, so it is advised to delete the driver in PATH and retry</msg>
<status status="PASS" starttime="20241115 13:45:43.091" endtime="20241115 13:45:43.472"/>
</kw>
<status status="PASS" starttime="20241115 13:45:43.081" endtime="20241115 13:45:43.472"/>
</kw>
<test id="s1-t1" name="Register With Username That Is Already In Use" line="16">
<kw name="Reset Application Create User And Go To Register Page" type="SETUP">
<kw name="Reset Application" library="AppLibrary">
<status status="PASS" starttime="20241115 13:45:43.473" endtime="20241115 13:45:43.476"/>
</kw>
<kw name="Create User" library="AppLibrary">
<arg>kalle</arg>
<arg>kalle123</arg>
<status status="PASS" starttime="20241115 13:45:43.476" endtime="20241115 13:45:43.488"/>
</kw>
<kw name="Go To Register Page" library="resource">
<kw name="Go To" library="SeleniumLibrary">
<arg>${REGISTER_URL}</arg>
<doc>Navigates the current browser window to the provided ``url``.</doc>
<msg timestamp="20241115 13:45:43.489" level="INFO">Opening url 'http://localhost:5001/register'</msg>
<status status="PASS" starttime="20241115 13:45:43.489" endtime="20241115 13:45:44.032"/>
</kw>
<status status="PASS" starttime="20241115 13:45:43.489" endtime="20241115 13:45:44.032"/>
</kw>
<status status="PASS" starttime="20241115 13:45:43.473" endtime="20241115 13:45:44.032"/>
</kw>
<kw name="Set Username">
<arg>kikka</arg>
<kw name="Input Text" library="SeleniumLibrary">
<arg>username</arg>
<arg>${username}</arg>
<doc>Types the given ``text`` into the text field identified by ``locator``.</doc>
<msg timestamp="20241115 13:45:44.035" level="INFO">Typing text 'kikka' into text field 'username'.</msg>
<status status="PASS" starttime="20241115 13:45:44.034" endtime="20241115 13:45:45.657"/>
</kw>
<status status="PASS" starttime="20241115 13:45:44.033" endtime="20241115 13:45:45.657"/>
</kw>
<kw name="Set Password">
<arg>testi123</arg>
<kw name="Input Password" library="SeleniumLibrary">
<arg>password</arg>
<arg>${password}</arg>
<doc>Types the given password into the text field identified by ``locator``.</doc>
<msg timestamp="20241115 13:45:45.661" level="INFO">Typing password into text field 'password'.</msg>
<msg timestamp="20241115 13:45:46.717" level="INFO">Temporally setting log level to: NONE</msg>
<msg timestamp="20241115 13:45:47.283" level="INFO">Log level changed from NONE to INFO.</msg>
<status status="PASS" starttime="20241115 13:45:45.659" endtime="20241115 13:45:47.283"/>
</kw>
<status status="PASS" starttime="20241115 13:45:45.658" endtime="20241115 13:45:47.284"/>
</kw>
<kw name="Set Password Confirmation">
<arg>testi123</arg>
<kw name="Input Password" library="SeleniumLibrary">
<arg>password</arg>
<arg>${password_confirmation}</arg>
<doc>Types the given password into the text field identified by ``locator``.</doc>
<msg timestamp="20241115 13:45:47.287" level="INFO">Typing password into text field 'password'.</msg>
<msg timestamp="20241115 13:45:48.341" level="INFO">Temporally setting log level to: NONE</msg>
<msg timestamp="20241115 13:45:48.903" level="INFO">Log level changed from NONE to INFO.</msg>
<status status="PASS" starttime="20241115 13:45:47.285" endtime="20241115 13:45:48.903"/>
</kw>
<status status="PASS" starttime="20241115 13:45:47.284" endtime="20241115 13:45:48.903"/>
</kw>
<kw name="Submit Credentials">
<kw name="Click Button" library="SeleniumLibrary">
<arg>Register</arg>
<doc>Clicks the button identified by ``locator``.</doc>
<msg timestamp="20241115 13:45:48.905" level="INFO">Clicking button 'Register'.</msg>
<status status="PASS" starttime="20241115 13:45:48.904" endtime="20241115 13:45:51.019"/>
</kw>
<status status="PASS" starttime="20241115 13:45:48.904" endtime="20241115 13:45:51.019"/>
</kw>
<kw name="Registration Should Fail With Message">
<arg>User with username kikka already exists</arg>
<kw name="Register Page Should Be Open" library="resource">
<kw name="Title Should Be" library="SeleniumLibrary">
<arg>Register</arg>
<doc>Verifies that the current page title equals ``title``.</doc>
<msg timestamp="20241115 13:45:51.535" level="INFO">Page title is 'Register'.</msg>
<status status="PASS" starttime="20241115 13:45:51.022" endtime="20241115 13:45:51.535"/>
</kw>
<status status="PASS" starttime="20241115 13:45:51.021" endtime="20241115 13:45:51.536"/>
</kw>
<kw name="Page Should Contain" library="SeleniumLibrary">
<arg>${message}</arg>
<doc>Verifies that current page contains ``text``.</doc>
<msg timestamp="20241115 13:45:54.158" level="INFO" html="true">&lt;/td&gt;&lt;/tr&gt;&lt;tr&gt;&lt;td colspan="3"&gt;&lt;a href="selenium-screenshot-34.png"&gt;&lt;img src="selenium-screenshot-34.png" width="800px"&gt;&lt;/a&gt;</msg>
<msg timestamp="20241115 13:45:54.158" level="FAIL">Page should have contained text 'User with username kikka already exists' but did not.</msg>
<status status="FAIL" starttime="20241115 13:45:51.536" endtime="20241115 13:45:54.160"/>
</kw>
<status status="FAIL" starttime="20241115 13:45:51.020" endtime="20241115 13:45:54.160"/>
</kw>
<status status="FAIL" starttime="20241115 13:45:43.473" endtime="20241115 13:45:54.161">Page should have contained text 'User with username kikka already exists' but did not.</status>
</test>
<kw name="Close Browser" library="SeleniumLibrary" type="TEARDOWN">
<doc>Closes the current browser.</doc>
<status status="PASS" starttime="20241115 13:45:54.162" endtime="20241115 13:45:54.722"/>
</kw>
<status status="FAIL" starttime="20241115 13:45:42.958" endtime="20241115 13:45:54.722"/>
</suite>
<statistics>
<total>
<stat pass="0" fail="1" skip="0">All Tests</stat>
</total>
<tag>
</tag>
<suite>
<stat pass="0" fail="1" skip="0" id="s1" name="Register">Register</stat>
</suite>
</statistics>
<errors>
<msg timestamp="20241115 13:45:43.123" level="WARN">The chromedriver version (130.0.6723.91) detected in PATH at /usr/bin/chromedriver might not be compatible with the detected chrome version (131.0.6778.69); currently, chromedriver 131.0.6778.69 is recommended for chrome 131.*, so it is advised to delete the driver in PATH and retry</msg>
</errors>
</robot>
