<?xml version="1.0" encoding="UTF-8"?>
<robot generator="Robot 6.1.1 (Python 3.10.12 on linux)" generated="20241115 10:08:29.653" rpa="false" schemaversion="4">
<suite id="s1" name="Tests" source="/home/nwaada/palautusrepositorio/viikko3/web-login/src/tests">
<suite id="s1-s1" name="Home" source="/home/nwaada/palautusrepositorio/viikko3/web-login/src/tests/home.robot">
<kw name="Open And Configure Browser" library="resource" type="SETUP">
<if>
<branch type="IF" condition="$BROWSER == 'chrome'">
<kw name="Evaluate" library="BuiltIn">
<var>${options}</var>
<arg>sys.modules['selenium.webdriver'].ChromeOptions()</arg>
<arg>sys</arg>
<doc>Evaluates the given expression in Python and returns the result.</doc>
<msg timestamp="20241115 10:08:29.792" level="INFO">${options} = &lt;selenium.webdriver.chrome.options.Options object at 0x7675bca37580&gt;</msg>
<status status="PASS" starttime="20241115 10:08:29.792" endtime="20241115 10:08:29.792"/>
</kw>
<status status="PASS" starttime="20241115 10:08:29.783" endtime="20241115 10:08:29.792"/>
</branch>
<branch type="ELSE IF" condition="$BROWSER == 'firefox'">
<kw name="Evaluate" library="BuiltIn">
<var>${options}</var>
<arg>sys.modules['selenium.webdriver'].FirefoxOptions()</arg>
<arg>sys</arg>
<doc>Evaluates the given expression in Python and returns the result.</doc>
<status status="NOT RUN" starttime="20241115 10:08:29.792" endtime="20241115 10:08:29.792"/>
</kw>
<status status="NOT RUN" starttime="20241115 10:08:29.792" endtime="20241115 10:08:29.792"/>
</branch>
<status status="PASS" starttime="20241115 10:08:29.783" endtime="20241115 10:08:29.792"/>
</if>
<if>
<branch type="IF" condition="$HEADLESS == 'true'">
<kw name="Set Selenium Speed" library="SeleniumLibrary">
<arg>0</arg>
<doc>Sets the delay that is waited after each Selenium command.</doc>
<status status="NOT RUN" starttime="20241115 10:08:29.792" endtime="20241115 10:08:29.792"/>
</kw>
<kw name="Call Method" library="BuiltIn">
<arg>${options}</arg>
<arg>add_argument</arg>
<arg>--headless</arg>
<doc>Calls the named method of the given object with the provided arguments.</doc>
<status status="NOT RUN" starttime="20241115 10:08:29.792" endtime="20241115 10:08:29.792"/>
</kw>
<status status="NOT RUN" starttime="20241115 10:08:29.792" endtime="20241115 10:08:29.792"/>
</branch>
<branch type="ELSE">
<kw name="Set Selenium Speed" library="SeleniumLibrary">
<arg>${DELAY}</arg>
<doc>Sets the delay that is waited after each Selenium command.</doc>
<status status="PASS" starttime="20241115 10:08:29.792" endtime="20241115 10:08:29.793"/>
</kw>
<status status="PASS" starttime="20241115 10:08:29.792" endtime="20241115 10:08:29.793"/>
</branch>
<status status="PASS" starttime="20241115 10:08:29.792" endtime="20241115 10:08:29.793"/>
</if>
<kw name="Open Browser" library="SeleniumLibrary">
<arg>browser=${BROWSER}</arg>
<arg>options=${options}</arg>
<doc>Opens a new browser instance to the optional ``url``.</doc>
<msg timestamp="20241115 10:08:29.793" level="INFO">Opening browser 'chrome' to base url 'None'.</msg>
<msg timestamp="20241115 10:08:29.824" level="WARN">The chromedriver version (130.0.6723.91) detected in PATH at /usr/bin/chromedriver might not be compatible with the detected chrome version (131.0.6778.69); currently, chromedriver 131.0.6778.69 is recommended for chrome 131.*, so it is advised to delete the driver in PATH and retry</msg>
<status status="PASS" starttime="20241115 10:08:29.793" endtime="20241115 10:08:30.145"/>
</kw>
<status status="PASS" starttime="20241115 10:08:29.783" endtime="20241115 10:08:30.145"/>
</kw>
<test id="s1-s1-t1" name="Click Login Link" line="8">
<kw name="Reset Application And Go To Starting Page" type="SETUP">
<kw name="Reset Application" library="AppLibrary">
<status status="PASS" starttime="20241115 10:08:30.146" endtime="20241115 10:08:30.149"/>
</kw>
<kw name="Go To Starting Page" library="resource">
<kw name="Go To" library="SeleniumLibrary">
<arg>${HOME_URL}</arg>
<doc>Navigates the current browser window to the provided ``url``.</doc>
<msg timestamp="20241115 10:08:30.150" level="INFO">Opening url 'http://localhost:5001'</msg>
<status status="PASS" starttime="20241115 10:08:30.150" endtime="20241115 10:08:30.687"/>
</kw>
<status status="PASS" starttime="20241115 10:08:30.150" endtime="20241115 10:08:30.688"/>
</kw>
<status status="PASS" starttime="20241115 10:08:30.146" endtime="20241115 10:08:30.688"/>
</kw>
<kw name="Click Link" library="SeleniumLibrary">
<arg>Login</arg>
<doc>Clicks a link identified by ``locator``.</doc>
<msg timestamp="20241115 10:08:30.689" level="INFO">Clicking link 'Login'.</msg>
<status status="PASS" starttime="20241115 10:08:30.688" endtime="20241115 10:08:32.287"/>
</kw>
<kw name="Login Page Should Be Open" library="resource">
<kw name="Title Should Be" library="SeleniumLibrary">
<arg>Login</arg>
<doc>Verifies that the current page title equals ``title``.</doc>
<msg timestamp="20241115 10:08:32.799" level="INFO">Page title is 'Login'.</msg>
<status status="PASS" starttime="20241115 10:08:32.289" endtime="20241115 10:08:32.799"/>
</kw>
<status status="PASS" starttime="20241115 10:08:32.288" endtime="20241115 10:08:32.799"/>
</kw>
<status status="PASS" starttime="20241115 10:08:30.145" endtime="20241115 10:08:32.800"/>
</test>
<test id="s1-s1-t2" name="Click Register Link" line="12">
<kw name="Reset Application And Go To Starting Page" type="SETUP">
<kw name="Reset Application" library="AppLibrary">
<status status="PASS" starttime="20241115 10:08:32.801" endtime="20241115 10:08:32.806"/>
</kw>
<kw name="Go To Starting Page" library="resource">
<kw name="Go To" library="SeleniumLibrary">
<arg>${HOME_URL}</arg>
<doc>Navigates the current browser window to the provided ``url``.</doc>
<msg timestamp="20241115 10:08:32.807" level="INFO">Opening url 'http://localhost:5001'</msg>
<status status="PASS" starttime="20241115 10:08:32.807" endtime="20241115 10:08:33.338"/>
</kw>
<status status="PASS" starttime="20241115 10:08:32.806" endtime="20241115 10:08:33.338"/>
</kw>
<status status="PASS" starttime="20241115 10:08:32.801" endtime="20241115 10:08:33.339"/>
</kw>
<kw name="Click Link" library="SeleniumLibrary">
<arg>Register new user</arg>
<doc>Clicks a link identified by ``locator``.</doc>
<msg timestamp="20241115 10:08:33.341" level="INFO">Clicking link 'Register new user'.</msg>
<status status="PASS" starttime="20241115 10:08:33.339" endtime="20241115 10:08:34.915"/>
</kw>
<kw name="Register Page Should Be Open" library="resource">
<kw name="Title Should Be" library="SeleniumLibrary">
<arg>Register</arg>
<doc>Verifies that the current page title equals ``title``.</doc>
<msg timestamp="20241115 10:08:35.427" level="INFO">Page title is 'Register'.</msg>
<status status="PASS" starttime="20241115 10:08:34.917" endtime="20241115 10:08:35.428"/>
</kw>
<status status="PASS" starttime="20241115 10:08:34.916" endtime="20241115 10:08:35.428"/>
</kw>
<status status="PASS" starttime="20241115 10:08:32.800" endtime="20241115 10:08:35.428"/>
</test>
<kw name="Close Browser" library="SeleniumLibrary" type="TEARDOWN">
<doc>Closes the current browser.</doc>
<status status="PASS" starttime="20241115 10:08:35.430" endtime="20241115 10:08:35.992"/>
</kw>
<status status="PASS" starttime="20241115 10:08:29.662" endtime="20241115 10:08:35.992"/>
</suite>
<suite id="s1-s2" name="Login" source="/home/nwaada/palautusrepositorio/viikko3/web-login/src/tests/login.robot">
<kw name="Open And Configure Browser" library="resource" type="SETUP">
<if>
<branch type="IF" condition="$BROWSER == 'chrome'">
<kw name="Evaluate" library="BuiltIn">
<var>${options}</var>
<arg>sys.modules['selenium.webdriver'].ChromeOptions()</arg>
<arg>sys</arg>
<doc>Evaluates the given expression in Python and returns the result.</doc>
<msg timestamp="20241115 10:08:36.001" level="INFO">${options} = &lt;selenium.webdriver.chrome.options.Options object at 0x7675bc8dce80&gt;</msg>
<status status="PASS" starttime="20241115 10:08:36.001" endtime="20241115 10:08:36.001"/>
</kw>
<status status="PASS" starttime="20241115 10:08:36.001" endtime="20241115 10:08:36.001"/>
</branch>
<branch type="ELSE IF" condition="$BROWSER == 'firefox'">
<kw name="Evaluate" library="BuiltIn">
<var>${options}</var>
<arg>sys.modules['selenium.webdriver'].FirefoxOptions()</arg>
<arg>sys</arg>
<doc>Evaluates the given expression in Python and returns the result.</doc>
<status status="NOT RUN" starttime="20241115 10:08:36.001" endtime="20241115 10:08:36.001"/>
</kw>
<status status="NOT RUN" starttime="20241115 10:08:36.001" endtime="20241115 10:08:36.002"/>
</branch>
<status status="PASS" starttime="20241115 10:08:36.001" endtime="20241115 10:08:36.002"/>
</if>
<if>
<branch type="IF" condition="$HEADLESS == 'true'">
<kw name="Set Selenium Speed" library="SeleniumLibrary">
<arg>0</arg>
<doc>Sets the delay that is waited after each Selenium command.</doc>
<status status="NOT RUN" starttime="20241115 10:08:36.002" endtime="20241115 10:08:36.002"/>
</kw>
<kw name="Call Method" library="BuiltIn">
<arg>${options}</arg>
<arg>add_argument</arg>
<arg>--headless</arg>
<doc>Calls the named method of the given object with the provided arguments.</doc>
<status status="NOT RUN" starttime="20241115 10:08:36.002" endtime="20241115 10:08:36.002"/>
</kw>
<status status="NOT RUN" starttime="20241115 10:08:36.002" endtime="20241115 10:08:36.002"/>
</branch>
<branch type="ELSE">
<kw name="Set Selenium Speed" library="SeleniumLibrary">
<arg>${DELAY}</arg>
<doc>Sets the delay that is waited after each Selenium command.</doc>
<status status="PASS" starttime="20241115 10:08:36.002" endtime="20241115 10:08:36.002"/>
</kw>
<status status="PASS" starttime="20241115 10:08:36.002" endtime="20241115 10:08:36.002"/>
</branch>
<status status="PASS" starttime="20241115 10:08:36.002" endtime="20241115 10:08:36.002"/>
</if>
<kw name="Open Browser" library="SeleniumLibrary">
<arg>browser=${BROWSER}</arg>
<arg>options=${options}</arg>
<doc>Opens a new browser instance to the optional ``url``.</doc>
<msg timestamp="20241115 10:08:36.003" level="INFO">Opening browser 'chrome' to base url 'None'.</msg>
<msg timestamp="20241115 10:08:36.039" level="WARN">The chromedriver version (130.0.6723.91) detected in PATH at /usr/bin/chromedriver might not be compatible with the detected chrome version (131.0.6778.69); currently, chromedriver 131.0.6778.69 is recommended for chrome 131.*, so it is advised to delete the driver in PATH and retry</msg>
<status status="PASS" starttime="20241115 10:08:36.002" endtime="20241115 10:08:36.358"/>
</kw>
<status status="PASS" starttime="20241115 10:08:36.000" endtime="20241115 10:08:36.359"/>
</kw>
<test id="s1-s2-t1" name="Login With Correct Credentials" line="8">
<kw name="Reset Application Create User And Go To Login Page" type="SETUP">
<kw name="Reset Application" library="AppLibrary">
<status status="PASS" starttime="20241115 10:08:36.359" endtime="20241115 10:08:36.361"/>
</kw>
<kw name="Create User" library="AppLibrary">
<arg>kalle</arg>
<arg>kalle123</arg>
<status status="PASS" starttime="20241115 10:08:36.361" endtime="20241115 10:08:36.369"/>
</kw>
<kw name="Go To Login Page" library="resource">
<kw name="Go To" library="SeleniumLibrary">
<arg>${LOGIN_URL}</arg>
<doc>Navigates the current browser window to the provided ``url``.</doc>
<msg timestamp="20241115 10:08:36.369" level="INFO">Opening url 'http://localhost:5001/login'</msg>
<status status="PASS" starttime="20241115 10:08:36.369" endtime="20241115 10:08:36.904"/>
</kw>
<status status="PASS" starttime="20241115 10:08:36.369" endtime="20241115 10:08:36.905"/>
</kw>
<status status="PASS" starttime="20241115 10:08:36.359" endtime="20241115 10:08:36.905"/>
</kw>
<kw name="Set Username">
<arg>kalle</arg>
<kw name="Input Text" library="SeleniumLibrary">
<arg>username</arg>
<arg>${username}</arg>
<doc>Types the given ``text`` into the text field identified by ``locator``.</doc>
<msg timestamp="20241115 10:08:36.907" level="INFO">Typing text 'kalle' into text field 'username'.</msg>
<status status="PASS" starttime="20241115 10:08:36.906" endtime="20241115 10:08:38.541"/>
</kw>
<status status="PASS" starttime="20241115 10:08:36.905" endtime="20241115 10:08:38.542"/>
</kw>
<kw name="Set Password">
<arg>kalle123</arg>
<kw name="Input Password" library="SeleniumLibrary">
<arg>password</arg>
<arg>${password}</arg>
<doc>Types the given password into the text field identified by ``locator``.</doc>
<msg timestamp="20241115 10:08:38.545" level="INFO">Typing password into text field 'password'.</msg>
<msg timestamp="20241115 10:08:39.602" level="INFO">Temporally setting log level to: NONE</msg>
<msg timestamp="20241115 10:08:40.165" level="INFO">Log level changed from NONE to INFO.</msg>
<status status="PASS" starttime="20241115 10:08:38.543" endtime="20241115 10:08:40.166"/>
</kw>
<status status="PASS" starttime="20241115 10:08:38.542" endtime="20241115 10:08:40.166"/>
</kw>
<kw name="Submit Credentials">
<kw name="Click Button" library="SeleniumLibrary">
<arg>Login</arg>
<doc>Clicks the button identified by ``locator``.</doc>
<msg timestamp="20241115 10:08:40.169" level="INFO">Clicking button 'Login'.</msg>
<status status="PASS" starttime="20241115 10:08:40.168" endtime="20241115 10:08:42.279"/>
</kw>
<status status="PASS" starttime="20241115 10:08:40.167" endtime="20241115 10:08:42.280"/>
</kw>
<kw name="Login Should Succeed">
<kw name="Main Page Should Be Open" library="resource">
<kw name="Title Should Be" library="SeleniumLibrary">
<arg>Ohtu Application main page</arg>
<doc>Verifies that the current page title equals ``title``.</doc>
<msg timestamp="20241115 10:08:42.793" level="INFO">Page title is 'Ohtu Application main page'.</msg>
<status status="PASS" starttime="20241115 10:08:42.282" endtime="20241115 10:08:42.794"/>
</kw>
<status status="PASS" starttime="20241115 10:08:42.281" endtime="20241115 10:08:42.794"/>
</kw>
<status status="PASS" starttime="20241115 10:08:42.280" endtime="20241115 10:08:42.795"/>
</kw>
<status status="PASS" starttime="20241115 10:08:36.359" endtime="20241115 10:08:42.796"/>
</test>
<test id="s1-s2-t2" name="Login With Incorrect Password" line="14">
<kw name="Reset Application Create User And Go To Login Page" type="SETUP">
<kw name="Reset Application" library="AppLibrary">
<status status="PASS" starttime="20241115 10:08:42.798" endtime="20241115 10:08:42.803"/>
</kw>
<kw name="Create User" library="AppLibrary">
<arg>kalle</arg>
<arg>kalle123</arg>
<status status="PASS" starttime="20241115 10:08:42.803" endtime="20241115 10:08:42.812"/>
</kw>
<kw name="Go To Login Page" library="resource">
<kw name="Go To" library="SeleniumLibrary">
<arg>${LOGIN_URL}</arg>
<doc>Navigates the current browser window to the provided ``url``.</doc>
<msg timestamp="20241115 10:08:42.813" level="INFO">Opening url 'http://localhost:5001/login'</msg>
<status status="PASS" starttime="20241115 10:08:42.813" endtime="20241115 10:08:43.344"/>
</kw>
<status status="PASS" starttime="20241115 10:08:42.812" endtime="20241115 10:08:43.344"/>
</kw>
<status status="PASS" starttime="20241115 10:08:42.797" endtime="20241115 10:08:43.344"/>
</kw>
<kw name="Set Username">
<arg>kalle</arg>
<kw name="Input Text" library="SeleniumLibrary">
<arg>username</arg>
<arg>${username}</arg>
<doc>Types the given ``text`` into the text field identified by ``locator``.</doc>
<msg timestamp="20241115 10:08:43.348" level="INFO">Typing text 'kalle' into text field 'username'.</msg>
<status status="PASS" starttime="20241115 10:08:43.346" endtime="20241115 10:08:44.956"/>
</kw>
<status status="PASS" starttime="20241115 10:08:43.345" endtime="20241115 10:08:44.957"/>
</kw>
<kw name="Set Password">
<arg>kalle456</arg>
<kw name="Input Password" library="SeleniumLibrary">
<arg>password</arg>
<arg>${password}</arg>
<doc>Types the given password into the text field identified by ``locator``.</doc>
<msg timestamp="20241115 10:08:44.959" level="INFO">Typing password into text field 'password'.</msg>
<msg timestamp="20241115 10:08:46.002" level="INFO">Temporally setting log level to: NONE</msg>
<msg timestamp="20241115 10:08:46.574" level="INFO">Log level changed from NONE to INFO.</msg>
<status status="PASS" starttime="20241115 10:08:44.958" endtime="20241115 10:08:46.574"/>
</kw>
<status status="PASS" starttime="20241115 10:08:44.957" endtime="20241115 10:08:46.574"/>
</kw>
<kw name="Submit Credentials">
<kw name="Click Button" library="SeleniumLibrary">
<arg>Login</arg>
<doc>Clicks the button identified by ``locator``.</doc>
<msg timestamp="20241115 10:08:46.576" level="INFO">Clicking button 'Login'.</msg>
<status status="PASS" starttime="20241115 10:08:46.576" endtime="20241115 10:08:48.663"/>
</kw>
<status status="PASS" starttime="20241115 10:08:46.575" endtime="20241115 10:08:48.664"/>
</kw>
<kw name="Login Should Fail With Message">
<arg>Invalid username or password</arg>
<kw name="Login Page Should Be Open" library="resource">
<kw name="Title Should Be" library="SeleniumLibrary">
<arg>Login</arg>
<doc>Verifies that the current page title equals ``title``.</doc>
<msg timestamp="20241115 10:08:49.173" level="INFO">Page title is 'Login'.</msg>
<status status="PASS" starttime="20241115 10:08:48.665" endtime="20241115 10:08:49.174"/>
</kw>
<status status="PASS" starttime="20241115 10:08:48.665" endtime="20241115 10:08:49.174"/>
</kw>
<kw name="Page Should Contain" library="SeleniumLibrary">
<arg>${message}</arg>
<doc>Verifies that current page contains ``text``.</doc>
<msg timestamp="20241115 10:08:50.205" level="INFO">Current page contains text 'Invalid username or password'.</msg>
<status status="PASS" starttime="20241115 10:08:49.174" endtime="20241115 10:08:50.205"/>
</kw>
<status status="PASS" starttime="20241115 10:08:48.664" endtime="20241115 10:08:50.205"/>
</kw>
<status status="PASS" starttime="20241115 10:08:42.796" endtime="20241115 10:08:50.206"/>
</test>
<kw name="Close Browser" library="SeleniumLibrary" type="TEARDOWN">
<doc>Closes the current browser.</doc>
<status status="PASS" starttime="20241115 10:08:50.207" endtime="20241115 10:08:50.768"/>
</kw>
<status status="PASS" starttime="20241115 10:08:35.994" endtime="20241115 10:08:50.768"/>
</suite>
<status status="PASS" starttime="20241115 10:08:29.654" endtime="20241115 10:08:50.770"/>
</suite>
<statistics>
<total>
<stat pass="4" fail="0" skip="0">All Tests</stat>
</total>
<tag>
</tag>
<suite>
<stat pass="4" fail="0" skip="0" id="s1" name="Tests">Tests</stat>
<stat pass="2" fail="0" skip="0" id="s1-s1" name="Home">Tests.Home</stat>
<stat pass="2" fail="0" skip="0" id="s1-s2" name="Login">Tests.Login</stat>
</suite>
</statistics>
<errors>
<msg timestamp="20241115 10:08:29.824" level="WARN">The chromedriver version (130.0.6723.91) detected in PATH at /usr/bin/chromedriver might not be compatible with the detected chrome version (131.0.6778.69); currently, chromedriver 131.0.6778.69 is recommended for chrome 131.*, so it is advised to delete the driver in PATH and retry</msg>
<msg timestamp="20241115 10:08:36.039" level="WARN">The chromedriver version (130.0.6723.91) detected in PATH at /usr/bin/chromedriver might not be compatible with the detected chrome version (131.0.6778.69); currently, chromedriver 131.0.6778.69 is recommended for chrome 131.*, so it is advised to delete the driver in PATH and retry</msg>
</errors>
</robot>
