<?xml version="1.0" encoding="UTF-8"?>
<robot generator="Robot 6.1.1 (Python 3.10.12 on linux)" generated="20241115 10:15:21.936" rpa="false" schemaversion="4">
<suite id="s1" name="Tests" source="/home/nwaada/palautusrepositorio/viikko3/web-login/src/tests">
<suite id="s1-s1" name="Home" source="/home/nwaada/palautusrepositorio/viikko3/web-login/src/tests/home.robot">
<kw name="Open And Configure Browser" library="resource" type="SETUP">
<if>
<branch type="IF" condition="$BROWSER == 'chrome'">
<kw name="Evaluate" library="BuiltIn">
<var>${options}</var>
<arg>sys.modules['selenium.webdriver'].ChromeOptions()</arg>
<arg>sys</arg>
<doc>Evaluates the given expression in Python and returns the result.</doc>
<msg timestamp="20241115 10:15:22.073" level="INFO">${options} = &lt;selenium.webdriver.chrome.options.Options object at 0x77415b067730&gt;</msg>
<status status="PASS" starttime="20241115 10:15:22.073" endtime="20241115 10:15:22.073"/>
</kw>
<status status="PASS" starttime="20241115 10:15:22.065" endtime="20241115 10:15:22.073"/>
</branch>
<branch type="ELSE IF" condition="$BROWSER == 'firefox'">
<kw name="Evaluate" library="BuiltIn">
<var>${options}</var>
<arg>sys.modules['selenium.webdriver'].FirefoxOptions()</arg>
<arg>sys</arg>
<doc>Evaluates the given expression in Python and returns the result.</doc>
<status status="NOT RUN" starttime="20241115 10:15:22.073" endtime="20241115 10:15:22.073"/>
</kw>
<status status="NOT RUN" starttime="20241115 10:15:22.073" endtime="20241115 10:15:22.074"/>
</branch>
<status status="PASS" starttime="20241115 10:15:22.065" endtime="20241115 10:15:22.074"/>
</if>
<if>
<branch type="IF" condition="$HEADLESS == 'true'">
<kw name="Set Selenium Speed" library="SeleniumLibrary">
<arg>0</arg>
<doc>Sets the delay that is waited after each Selenium command.</doc>
<status status="NOT RUN" starttime="20241115 10:15:22.074" endtime="20241115 10:15:22.074"/>
</kw>
<kw name="Call Method" library="BuiltIn">
<arg>${options}</arg>
<arg>add_argument</arg>
<arg>--headless</arg>
<doc>Calls the named method of the given object with the provided arguments.</doc>
<status status="NOT RUN" starttime="20241115 10:15:22.074" endtime="20241115 10:15:22.074"/>
</kw>
<status status="NOT RUN" starttime="20241115 10:15:22.074" endtime="20241115 10:15:22.074"/>
</branch>
<branch type="ELSE">
<kw name="Set Selenium Speed" library="SeleniumLibrary">
<arg>${DELAY}</arg>
<doc>Sets the delay that is waited after each Selenium command.</doc>
<status status="PASS" starttime="20241115 10:15:22.074" endtime="20241115 10:15:22.074"/>
</kw>
<status status="PASS" starttime="20241115 10:15:22.074" endtime="20241115 10:15:22.074"/>
</branch>
<status status="PASS" starttime="20241115 10:15:22.074" endtime="20241115 10:15:22.074"/>
</if>
<kw name="Open Browser" library="SeleniumLibrary">
<arg>browser=${BROWSER}</arg>
<arg>options=${options}</arg>
<doc>Opens a new browser instance to the optional ``url``.</doc>
<msg timestamp="20241115 10:15:22.074" level="INFO">Opening browser 'chrome' to base url 'None'.</msg>
<msg timestamp="20241115 10:15:22.106" level="WARN">The chromedriver version (130.0.6723.91) detected in PATH at /usr/bin/chromedriver might not be compatible with the detected chrome version (131.0.6778.69); currently, chromedriver 131.0.6778.69 is recommended for chrome 131.*, so it is advised to delete the driver in PATH and retry</msg>
<status status="PASS" starttime="20241115 10:15:22.074" endtime="20241115 10:15:22.421"/>
</kw>
<status status="PASS" starttime="20241115 10:15:22.064" endtime="20241115 10:15:22.421"/>
</kw>
<test id="s1-s1-t1" name="Click Login Link" line="8">
<kw name="Reset Application And Go To Starting Page" type="SETUP">
<kw name="Reset Application" library="AppLibrary">
<status status="PASS" starttime="20241115 10:15:22.422" endtime="20241115 10:15:22.424"/>
</kw>
<kw name="Go To Starting Page" library="resource">
<kw name="Go To" library="SeleniumLibrary">
<arg>${HOME_URL}</arg>
<doc>Navigates the current browser window to the provided ``url``.</doc>
<msg timestamp="20241115 10:15:22.425" level="INFO">Opening url 'http://localhost:5001'</msg>
<status status="PASS" starttime="20241115 10:15:22.425" endtime="20241115 10:15:22.965"/>
</kw>
<status status="PASS" starttime="20241115 10:15:22.425" endtime="20241115 10:15:22.965"/>
</kw>
<status status="PASS" starttime="20241115 10:15:22.421" endtime="20241115 10:15:22.965"/>
</kw>
<kw name="Click Link" library="SeleniumLibrary">
<arg>Login</arg>
<doc>Clicks a link identified by ``locator``.</doc>
<msg timestamp="20241115 10:15:22.967" level="INFO">Clicking link 'Login'.</msg>
<status status="PASS" starttime="20241115 10:15:22.966" endtime="20241115 10:15:24.575"/>
</kw>
<kw name="Login Page Should Be Open" library="resource">
<kw name="Title Should Be" library="SeleniumLibrary">
<arg>Login</arg>
<doc>Verifies that the current page title equals ``title``.</doc>
<msg timestamp="20241115 10:15:25.089" level="INFO">Page title is 'Login'.</msg>
<status status="PASS" starttime="20241115 10:15:24.577" endtime="20241115 10:15:25.090"/>
</kw>
<status status="PASS" starttime="20241115 10:15:24.576" endtime="20241115 10:15:25.090"/>
</kw>
<status status="PASS" starttime="20241115 10:15:22.421" endtime="20241115 10:15:25.090"/>
</test>
<test id="s1-s1-t2" name="Click Register Link" line="12">
<kw name="Reset Application And Go To Starting Page" type="SETUP">
<kw name="Reset Application" library="AppLibrary">
<status status="PASS" starttime="20241115 10:15:25.092" endtime="20241115 10:15:25.097"/>
</kw>
<kw name="Go To Starting Page" library="resource">
<kw name="Go To" library="SeleniumLibrary">
<arg>${HOME_URL}</arg>
<doc>Navigates the current browser window to the provided ``url``.</doc>
<msg timestamp="20241115 10:15:25.098" level="INFO">Opening url 'http://localhost:5001'</msg>
<status status="PASS" starttime="20241115 10:15:25.098" endtime="20241115 10:15:25.631"/>
</kw>
<status status="PASS" starttime="20241115 10:15:25.097" endtime="20241115 10:15:25.631"/>
</kw>
<status status="PASS" starttime="20241115 10:15:25.092" endtime="20241115 10:15:25.631"/>
</kw>
<kw name="Click Link" library="SeleniumLibrary">
<arg>Register new user</arg>
<doc>Clicks a link identified by ``locator``.</doc>
<msg timestamp="20241115 10:15:25.633" level="INFO">Clicking link 'Register new user'.</msg>
<status status="PASS" starttime="20241115 10:15:25.632" endtime="20241115 10:15:27.225"/>
</kw>
<kw name="Register Page Should Be Open" library="resource">
<kw name="Title Should Be" library="SeleniumLibrary">
<arg>Register</arg>
<doc>Verifies that the current page title equals ``title``.</doc>
<msg timestamp="20241115 10:15:27.741" level="INFO">Page title is 'Register'.</msg>
<status status="PASS" starttime="20241115 10:15:27.228" endtime="20241115 10:15:27.741"/>
</kw>
<status status="PASS" starttime="20241115 10:15:27.226" endtime="20241115 10:15:27.742"/>
</kw>
<status status="PASS" starttime="20241115 10:15:25.091" endtime="20241115 10:15:27.742"/>
</test>
<kw name="Close Browser" library="SeleniumLibrary" type="TEARDOWN">
<doc>Closes the current browser.</doc>
<status status="PASS" starttime="20241115 10:15:27.744" endtime="20241115 10:15:28.306"/>
</kw>
<status status="PASS" starttime="20241115 10:15:21.945" endtime="20241115 10:15:28.306"/>
</suite>
<suite id="s1-s2" name="Login" source="/home/nwaada/palautusrepositorio/viikko3/web-login/src/tests/login.robot">
<kw name="Open And Configure Browser" library="resource" type="SETUP">
<if>
<branch type="IF" condition="$BROWSER == 'chrome'">
<kw name="Evaluate" library="BuiltIn">
<var>${options}</var>
<arg>sys.modules['selenium.webdriver'].ChromeOptions()</arg>
<arg>sys</arg>
<doc>Evaluates the given expression in Python and returns the result.</doc>
<msg timestamp="20241115 10:15:28.315" level="INFO">${options} = &lt;selenium.webdriver.chrome.options.Options object at 0x77415b10dc00&gt;</msg>
<status status="PASS" starttime="20241115 10:15:28.314" endtime="20241115 10:15:28.315"/>
</kw>
<status status="PASS" starttime="20241115 10:15:28.314" endtime="20241115 10:15:28.315"/>
</branch>
<branch type="ELSE IF" condition="$BROWSER == 'firefox'">
<kw name="Evaluate" library="BuiltIn">
<var>${options}</var>
<arg>sys.modules['selenium.webdriver'].FirefoxOptions()</arg>
<arg>sys</arg>
<doc>Evaluates the given expression in Python and returns the result.</doc>
<status status="NOT RUN" starttime="20241115 10:15:28.315" endtime="20241115 10:15:28.315"/>
</kw>
<status status="NOT RUN" starttime="20241115 10:15:28.315" endtime="20241115 10:15:28.315"/>
</branch>
<status status="PASS" starttime="20241115 10:15:28.314" endtime="20241115 10:15:28.315"/>
</if>
<if>
<branch type="IF" condition="$HEADLESS == 'true'">
<kw name="Set Selenium Speed" library="SeleniumLibrary">
<arg>0</arg>
<doc>Sets the delay that is waited after each Selenium command.</doc>
<status status="NOT RUN" starttime="20241115 10:15:28.315" endtime="20241115 10:15:28.315"/>
</kw>
<kw name="Call Method" library="BuiltIn">
<arg>${options}</arg>
<arg>add_argument</arg>
<arg>--headless</arg>
<doc>Calls the named method of the given object with the provided arguments.</doc>
<status status="NOT RUN" starttime="20241115 10:15:28.316" endtime="20241115 10:15:28.316"/>
</kw>
<status status="NOT RUN" starttime="20241115 10:15:28.315" endtime="20241115 10:15:28.316"/>
</branch>
<branch type="ELSE">
<kw name="Set Selenium Speed" library="SeleniumLibrary">
<arg>${DELAY}</arg>
<doc>Sets the delay that is waited after each Selenium command.</doc>
<status status="PASS" starttime="20241115 10:15:28.316" endtime="20241115 10:15:28.316"/>
</kw>
<status status="PASS" starttime="20241115 10:15:28.316" endtime="20241115 10:15:28.316"/>
</branch>
<status status="PASS" starttime="20241115 10:15:28.315" endtime="20241115 10:15:28.316"/>
</if>
<kw name="Open Browser" library="SeleniumLibrary">
<arg>browser=${BROWSER}</arg>
<arg>options=${options}</arg>
<doc>Opens a new browser instance to the optional ``url``.</doc>
<msg timestamp="20241115 10:15:28.317" level="INFO">Opening browser 'chrome' to base url 'None'.</msg>
<msg timestamp="20241115 10:15:28.357" level="WARN">The chromedriver version (130.0.6723.91) detected in PATH at /usr/bin/chromedriver might not be compatible with the detected chrome version (131.0.6778.69); currently, chromedriver 131.0.6778.69 is recommended for chrome 131.*, so it is advised to delete the driver in PATH and retry</msg>
<status status="PASS" starttime="20241115 10:15:28.316" endtime="20241115 10:15:28.674"/>
</kw>
<status status="PASS" starttime="20241115 10:15:28.314" endtime="20241115 10:15:28.674"/>
</kw>
<test id="s1-s2-t1" name="Login With Correct Credentials" line="8">
<kw name="Reset Application Create User And Go To Login Page" type="SETUP">
<kw name="Reset Application" library="AppLibrary">
<status status="PASS" starttime="20241115 10:15:28.675" endtime="20241115 10:15:28.677"/>
</kw>
<kw name="Create User" library="AppLibrary">
<arg>kalle</arg>
<arg>kalle123</arg>
<status status="PASS" starttime="20241115 10:15:28.677" endtime="20241115 10:15:28.684"/>
</kw>
<kw name="Go To Login Page" library="resource">
<kw name="Go To" library="SeleniumLibrary">
<arg>${LOGIN_URL}</arg>
<doc>Navigates the current browser window to the provided ``url``.</doc>
<msg timestamp="20241115 10:15:28.684" level="INFO">Opening url 'http://localhost:5001/login'</msg>
<status status="PASS" starttime="20241115 10:15:28.684" endtime="20241115 10:15:29.219"/>
</kw>
<status status="PASS" starttime="20241115 10:15:28.684" endtime="20241115 10:15:29.220"/>
</kw>
<status status="PASS" starttime="20241115 10:15:28.674" endtime="20241115 10:15:29.220"/>
</kw>
<kw name="Set Username">
<arg>kalle</arg>
<kw name="Input Text" library="SeleniumLibrary">
<arg>username</arg>
<arg>${username}</arg>
<doc>Types the given ``text`` into the text field identified by ``locator``.</doc>
<msg timestamp="20241115 10:15:29.223" level="INFO">Typing text 'kalle' into text field 'username'.</msg>
<status status="PASS" starttime="20241115 10:15:29.222" endtime="20241115 10:15:30.863"/>
</kw>
<status status="PASS" starttime="20241115 10:15:29.221" endtime="20241115 10:15:30.864"/>
</kw>
<kw name="Set Password">
<arg>kalle123</arg>
<kw name="Input Password" library="SeleniumLibrary">
<arg>password</arg>
<arg>${password}</arg>
<doc>Types the given password into the text field identified by ``locator``.</doc>
<msg timestamp="20241115 10:15:30.867" level="INFO">Typing password into text field 'password'.</msg>
<msg timestamp="20241115 10:15:31.921" level="INFO">Temporally setting log level to: NONE</msg>
<msg timestamp="20241115 10:15:32.484" level="INFO">Log level changed from NONE to INFO.</msg>
<status status="PASS" starttime="20241115 10:15:30.866" endtime="20241115 10:15:32.484"/>
</kw>
<status status="PASS" starttime="20241115 10:15:30.865" endtime="20241115 10:15:32.485"/>
</kw>
<kw name="Submit Credentials">
<kw name="Click Button" library="SeleniumLibrary">
<arg>Login</arg>
<doc>Clicks the button identified by ``locator``.</doc>
<msg timestamp="20241115 10:15:32.488" level="INFO">Clicking button 'Login'.</msg>
<status status="PASS" starttime="20241115 10:15:32.486" endtime="20241115 10:15:34.608"/>
</kw>
<status status="PASS" starttime="20241115 10:15:32.485" endtime="20241115 10:15:34.608"/>
</kw>
<kw name="Login Should Succeed">
<kw name="Main Page Should Be Open" library="resource">
<kw name="Title Should Be" library="SeleniumLibrary">
<arg>Ohtu Application main page</arg>
<doc>Verifies that the current page title equals ``title``.</doc>
<msg timestamp="20241115 10:15:35.122" level="INFO">Page title is 'Ohtu Application main page'.</msg>
<status status="PASS" starttime="20241115 10:15:34.611" endtime="20241115 10:15:35.123"/>
</kw>
<status status="PASS" starttime="20241115 10:15:34.610" endtime="20241115 10:15:35.123"/>
</kw>
<status status="PASS" starttime="20241115 10:15:34.609" endtime="20241115 10:15:35.123"/>
</kw>
<status status="PASS" starttime="20241115 10:15:28.674" endtime="20241115 10:15:35.124"/>
</test>
<test id="s1-s2-t2" name="Login With Nonexistent Username" line="14">
<kw name="Reset Application Create User And Go To Login Page" type="SETUP">
<kw name="Reset Application" library="AppLibrary">
<status status="PASS" starttime="20241115 10:15:35.126" endtime="20241115 10:15:35.131"/>
</kw>
<kw name="Create User" library="AppLibrary">
<arg>kalle</arg>
<arg>kalle123</arg>
<status status="PASS" starttime="20241115 10:15:35.131" endtime="20241115 10:15:35.140"/>
</kw>
<kw name="Go To Login Page" library="resource">
<kw name="Go To" library="SeleniumLibrary">
<arg>${LOGIN_URL}</arg>
<doc>Navigates the current browser window to the provided ``url``.</doc>
<msg timestamp="20241115 10:15:35.141" level="INFO">Opening url 'http://localhost:5001/login'</msg>
<status status="PASS" starttime="20241115 10:15:35.140" endtime="20241115 10:15:35.670"/>
</kw>
<status status="PASS" starttime="20241115 10:15:35.140" endtime="20241115 10:15:35.670"/>
</kw>
<status status="PASS" starttime="20241115 10:15:35.125" endtime="20241115 10:15:35.671"/>
</kw>
<kw name="Set Username">
<arg>kaaalle</arg>
<kw name="Input Text" library="SeleniumLibrary">
<arg>username</arg>
<arg>${username}</arg>
<doc>Types the given ``text`` into the text field identified by ``locator``.</doc>
<msg timestamp="20241115 10:15:35.674" level="INFO">Typing text 'kaaalle' into text field 'username'.</msg>
<status status="PASS" starttime="20241115 10:15:35.672" endtime="20241115 10:15:37.276"/>
</kw>
<status status="PASS" starttime="20241115 10:15:35.672" endtime="20241115 10:15:37.276"/>
</kw>
<kw name="Set Password">
<arg>kalle123</arg>
<kw name="Input Password" library="SeleniumLibrary">
<arg>password</arg>
<arg>${password}</arg>
<doc>Types the given password into the text field identified by ``locator``.</doc>
<msg timestamp="20241115 10:15:37.277" level="INFO">Typing password into text field 'password'.</msg>
<msg timestamp="20241115 10:15:38.305" level="INFO">Temporally setting log level to: NONE</msg>
<msg timestamp="20241115 10:15:38.858" level="INFO">Log level changed from NONE to INFO.</msg>
<status status="PASS" starttime="20241115 10:15:37.277" endtime="20241115 10:15:38.858"/>
</kw>
<status status="PASS" starttime="20241115 10:15:37.277" endtime="20241115 10:15:38.858"/>
</kw>
<kw name="Submit Credentials">
<kw name="Click Button" library="SeleniumLibrary">
<arg>Login</arg>
<doc>Clicks the button identified by ``locator``.</doc>
<msg timestamp="20241115 10:15:38.861" level="INFO">Clicking button 'Login'.</msg>
<status status="PASS" starttime="20241115 10:15:38.860" endtime="20241115 10:15:40.949"/>
</kw>
<status status="PASS" starttime="20241115 10:15:38.859" endtime="20241115 10:15:40.949"/>
</kw>
<kw name="Login Should Fail With Message">
<arg>Invalid username or password</arg>
<kw name="Login Page Should Be Open" library="resource">
<kw name="Title Should Be" library="SeleniumLibrary">
<arg>Login</arg>
<doc>Verifies that the current page title equals ``title``.</doc>
<msg timestamp="20241115 10:15:41.464" level="INFO">Page title is 'Login'.</msg>
<status status="PASS" starttime="20241115 10:15:40.953" endtime="20241115 10:15:41.465"/>
</kw>
<status status="PASS" starttime="20241115 10:15:40.952" endtime="20241115 10:15:41.465"/>
</kw>
<kw name="Page Should Contain" library="SeleniumLibrary">
<arg>${message}</arg>
<doc>Verifies that current page contains ``text``.</doc>
<msg timestamp="20241115 10:15:42.492" level="INFO">Current page contains text 'Invalid username or password'.</msg>
<status status="PASS" starttime="20241115 10:15:41.465" endtime="20241115 10:15:42.493"/>
</kw>
<status status="PASS" starttime="20241115 10:15:40.950" endtime="20241115 10:15:42.493"/>
</kw>
<status status="PASS" starttime="20241115 10:15:35.125" endtime="20241115 10:15:42.494"/>
</test>
<test id="s1-s2-t3" name="Login With Incorrect Password" line="20">
<kw name="Reset Application Create User And Go To Login Page" type="SETUP">
<kw name="Reset Application" library="AppLibrary">
<status status="PASS" starttime="20241115 10:15:42.496" endtime="20241115 10:15:42.501"/>
</kw>
<kw name="Create User" library="AppLibrary">
<arg>kalle</arg>
<arg>kalle123</arg>
<status status="PASS" starttime="20241115 10:15:42.501" endtime="20241115 10:15:42.509"/>
</kw>
<kw name="Go To Login Page" library="resource">
<kw name="Go To" library="SeleniumLibrary">
<arg>${LOGIN_URL}</arg>
<doc>Navigates the current browser window to the provided ``url``.</doc>
<msg timestamp="20241115 10:15:42.511" level="INFO">Opening url 'http://localhost:5001/login'</msg>
<status status="PASS" starttime="20241115 10:15:42.510" endtime="20241115 10:15:43.032"/>
</kw>
<status status="PASS" starttime="20241115 10:15:42.510" endtime="20241115 10:15:43.032"/>
</kw>
<status status="PASS" starttime="20241115 10:15:42.496" endtime="20241115 10:15:43.032"/>
</kw>
<kw name="Set Username">
<arg>kalle</arg>
<kw name="Input Text" library="SeleniumLibrary">
<arg>username</arg>
<arg>${username}</arg>
<doc>Types the given ``text`` into the text field identified by ``locator``.</doc>
<msg timestamp="20241115 10:15:43.035" level="INFO">Typing text 'kalle' into text field 'username'.</msg>
<status status="PASS" starttime="20241115 10:15:43.034" endtime="20241115 10:15:44.646"/>
</kw>
<status status="PASS" starttime="20241115 10:15:43.033" endtime="20241115 10:15:44.646"/>
</kw>
<kw name="Set Password">
<arg>kalle456</arg>
<kw name="Input Password" library="SeleniumLibrary">
<arg>password</arg>
<arg>${password}</arg>
<doc>Types the given password into the text field identified by ``locator``.</doc>
<msg timestamp="20241115 10:15:44.649" level="INFO">Typing password into text field 'password'.</msg>
<msg timestamp="20241115 10:15:45.702" level="INFO">Temporally setting log level to: NONE</msg>
<msg timestamp="20241115 10:15:46.265" level="INFO">Log level changed from NONE to INFO.</msg>
<status status="PASS" starttime="20241115 10:15:44.648" endtime="20241115 10:15:46.266"/>
</kw>
<status status="PASS" starttime="20241115 10:15:44.647" endtime="20241115 10:15:46.266"/>
</kw>
<kw name="Submit Credentials">
<kw name="Click Button" library="SeleniumLibrary">
<arg>Login</arg>
<doc>Clicks the button identified by ``locator``.</doc>
<msg timestamp="20241115 10:15:46.269" level="INFO">Clicking button 'Login'.</msg>
<status status="PASS" starttime="20241115 10:15:46.268" endtime="20241115 10:15:48.353"/>
</kw>
<status status="PASS" starttime="20241115 10:15:46.267" endtime="20241115 10:15:48.353"/>
</kw>
<kw name="Login Should Fail With Message">
<arg>Invalid username or password</arg>
<kw name="Login Page Should Be Open" library="resource">
<kw name="Title Should Be" library="SeleniumLibrary">
<arg>Login</arg>
<doc>Verifies that the current page title equals ``title``.</doc>
<msg timestamp="20241115 10:15:48.868" level="INFO">Page title is 'Login'.</msg>
<status status="PASS" starttime="20241115 10:15:48.356" endtime="20241115 10:15:48.869"/>
</kw>
<status status="PASS" starttime="20241115 10:15:48.355" endtime="20241115 10:15:48.869"/>
</kw>
<kw name="Page Should Contain" library="SeleniumLibrary">
<arg>${message}</arg>
<doc>Verifies that current page contains ``text``.</doc>
<msg timestamp="20241115 10:15:49.892" level="INFO">Current page contains text 'Invalid username or password'.</msg>
<status status="PASS" starttime="20241115 10:15:48.869" endtime="20241115 10:15:49.892"/>
</kw>
<status status="PASS" starttime="20241115 10:15:48.354" endtime="20241115 10:15:49.893"/>
</kw>
<status status="PASS" starttime="20241115 10:15:42.495" endtime="20241115 10:15:49.893"/>
</test>
<kw name="Close Browser" library="SeleniumLibrary" type="TEARDOWN">
<doc>Closes the current browser.</doc>
<status status="PASS" starttime="20241115 10:15:49.895" endtime="20241115 10:15:50.455"/>
</kw>
<status status="PASS" starttime="20241115 10:15:28.308" endtime="20241115 10:15:50.455"/>
</suite>
<status status="PASS" starttime="20241115 10:15:21.936" endtime="20241115 10:15:50.457"/>
</suite>
<statistics>
<total>
<stat pass="5" fail="0" skip="0">All Tests</stat>
</total>
<tag>
</tag>
<suite>
<stat pass="5" fail="0" skip="0" id="s1" name="Tests">Tests</stat>
<stat pass="2" fail="0" skip="0" id="s1-s1" name="Home">Tests.Home</stat>
<stat pass="3" fail="0" skip="0" id="s1-s2" name="Login">Tests.Login</stat>
</suite>
</statistics>
<errors>
<msg timestamp="20241115 10:15:22.106" level="WARN">The chromedriver version (130.0.6723.91) detected in PATH at /usr/bin/chromedriver might not be compatible with the detected chrome version (131.0.6778.69); currently, chromedriver 131.0.6778.69 is recommended for chrome 131.*, so it is advised to delete the driver in PATH and retry</msg>
<msg timestamp="20241115 10:15:28.357" level="WARN">The chromedriver version (130.0.6723.91) detected in PATH at /usr/bin/chromedriver might not be compatible with the detected chrome version (131.0.6778.69); currently, chromedriver 131.0.6778.69 is recommended for chrome 131.*, so it is advised to delete the driver in PATH and retry</msg>
</errors>
</robot>
